2025-10-05T09:43:57.102+07:00  INFO 5232 --- [main] c.e.s.SchoolManagementApplication        : Starting SchoolManagementApplication using Java 21.0.8 with PID 5232 (C:\Users\Hoang\Documents\NetBeansProjects\school-management\target\classes started by Hoang in C:\Users\Hoang\Documents\NetBeansProjects\school-management)
2025-10-05T09:43:57.112+07:00 DEBUG 5232 --- [main] c.e.s.SchoolManagementApplication        : Running with Spring Boot v3.3.4, Spring v6.1.13
2025-10-05T09:43:57.113+07:00  INFO 5232 --- [main] c.e.s.SchoolManagementApplication        : No active profile set, falling back to 1 default profile: "default"
2025-10-05T09:43:57.865+07:00  INFO 5232 --- [main] .s.d.r.c.RepositoryConfigurationDelegate : Bootstrapping Spring Data JPA repositories in DEFAULT mode.
2025-10-05T09:43:57.966+07:00  INFO 5232 --- [main] .s.d.r.c.RepositoryConfigurationDelegate : Finished Spring Data repository scanning in 91 ms. Found 10 JPA repository interfaces.
2025-10-05T09:43:58.637+07:00  INFO 5232 --- [main] o.s.b.w.embedded.tomcat.TomcatWebServer  : Tomcat initialized with port 8080 (http)
2025-10-05T09:43:58.653+07:00  INFO 5232 --- [main] o.apache.catalina.core.StandardService   : Starting service [Tomcat]
2025-10-05T09:43:58.654+07:00  INFO 5232 --- [main] o.apache.catalina.core.StandardEngine    : Starting Servlet engine: [Apache Tomcat/10.1.30]
2025-10-05T09:43:58.725+07:00  INFO 5232 --- [main] o.a.c.c.C.[Tomcat].[localhost].[/]       : Initializing Spring embedded WebApplicationContext
2025-10-05T09:43:58.725+07:00  INFO 5232 --- [main] w.s.c.ServletWebServerApplicationContext : Root WebApplicationContext: initialization completed in 1569 ms
2025-10-05T09:43:58.904+07:00  INFO 5232 --- [main] o.hibernate.jpa.internal.util.LogHelper  : HHH000204: Processing PersistenceUnitInfo [name: default]
2025-10-05T09:43:58.973+07:00  INFO 5232 --- [main] org.hibernate.Version                    : HHH000412: Hibernate ORM core version 6.5.3.Final
2025-10-05T09:43:59.007+07:00  INFO 5232 --- [main] o.h.c.internal.RegionFactoryInitiator    : HHH000026: Second-level cache disabled
2025-10-05T09:43:59.293+07:00  INFO 5232 --- [main] o.s.o.j.p.SpringPersistenceUnitInfo      : No LoadTimeWeaver setup: ignoring JPA class transformer
2025-10-05T09:43:59.328+07:00  INFO 5232 --- [main] com.zaxxer.hikari.HikariDataSource       : HikariPool-1 - Starting...
2025-10-05T09:43:59.494+07:00  INFO 5232 --- [main] com.zaxxer.hikari.pool.HikariPool        : HikariPool-1 - Added connection com.mysql.cj.jdbc.ConnectionImpl@cdbe995
2025-10-05T09:43:59.496+07:00  INFO 5232 --- [main] com.zaxxer.hikari.HikariDataSource       : HikariPool-1 - Start completed.
2025-10-05T09:43:59.558+07:00  WARN 5232 --- [main] org.hibernate.dialect.Dialect            : HHH000511: The 5.5.5 version for [org.hibernate.dialect.MySQLDialect] is no longer supported, hence certain features may not work properly. The minimum supported version is 8.0.0. Check the community dialects project for available legacy versions.
2025-10-05T09:44:00.483+07:00  INFO 5232 --- [main] o.h.e.t.j.p.i.JtaPlatformInitiator       : HHH000489: No JTA platform available (set 'hibernate.transaction.jta.platform' to enable JTA platform integration)
2025-10-05T09:44:00.658+07:00  INFO 5232 --- [main] j.LocalContainerEntityManagerFactoryBean : Initialized JPA EntityManagerFactory for persistence unit 'default'
2025-10-05T09:44:00.973+07:00  INFO 5232 --- [main] r$InitializeUserDetailsManagerConfigurer : Global AuthenticationManager configured with UserDetailsService bean with name customUserDetailsService
2025-10-05T09:44:01.015+07:00 DEBUG 5232 --- [main] c.e.s.security.JwtAuthenticationFilter   : Filter 'jwtAuthenticationFilter' configured for use
2025-10-05T09:44:01.154+07:00  WARN 5232 --- [main] JpaBaseConfiguration$JpaWebConfiguration : spring.jpa.open-in-view is enabled by default. Therefore, database queries may be performed during view rendering. Explicitly configure spring.jpa.open-in-view to disable this warning
2025-10-05T09:44:01.549+07:00 DEBUG 5232 --- [main] o.s.s.web.DefaultSecurityFilterChain     : Will secure any request with filters: DisableEncodeUrlFilter, WebAsyncManagerIntegrationFilter, SecurityContextHolderFilter, HeaderWriterFilter, CsrfFilter, LogoutFilter, UsernamePasswordAuthenticationFilter, RequestCacheAwareFilter, SecurityContextHolderAwareRequestFilter, AnonymousAuthenticationFilter, ExceptionTranslationFilter, AuthorizationFilter
2025-10-05T09:44:01.963+07:00  INFO 5232 --- [main] o.s.b.w.embedded.tomcat.TomcatWebServer  : Tomcat started on port 8080 (http) with context path '/'
2025-10-05T09:44:01.973+07:00  INFO 5232 --- [main] c.e.s.SchoolManagementApplication        : Started SchoolManagementApplication in 5.29 seconds (process running for 5.616)
2025-10-05T09:44:22.542+07:00  INFO 5232 --- [http-nio-8080-exec-2] o.a.c.c.C.[Tomcat].[localhost].[/]       : Initializing Spring DispatcherServlet 'dispatcherServlet'
2025-10-05T09:44:22.543+07:00  INFO 5232 --- [http-nio-8080-exec-2] o.s.web.servlet.DispatcherServlet        : Initializing Servlet 'dispatcherServlet'
2025-10-05T09:44:22.544+07:00  INFO 5232 --- [http-nio-8080-exec-2] o.s.web.servlet.DispatcherServlet        : Completed initialization in 1 ms
2025-10-05T09:44:22.560+07:00 DEBUG 5232 --- [http-nio-8080-exec-2] o.s.security.web.FilterChainProxy        : Securing GET /login
2025-10-05T09:44:22.567+07:00 DEBUG 5232 --- [http-nio-8080-exec-2] o.s.security.web.FilterChainProxy        : Secured GET /login
2025-10-05T09:44:22.836+07:00 DEBUG 5232 --- [http-nio-8080-exec-2] o.s.s.w.a.AnonymousAuthenticationFilter  : Set SecurityContextHolder to anonymous SecurityContext
2025-10-05T09:44:22.846+07:00 DEBUG 5232 --- [http-nio-8080-exec-3] o.s.security.web.FilterChainProxy        : Securing GET /css/style.css
2025-10-05T09:44:22.847+07:00 DEBUG 5232 --- [http-nio-8080-exec-3] o.s.security.web.FilterChainProxy        : Secured GET /css/style.css
2025-10-05T09:44:22.857+07:00 DEBUG 5232 --- [http-nio-8080-exec-3] o.s.s.w.a.AnonymousAuthenticationFilter  : Set SecurityContextHolder to anonymous SecurityContext
2025-10-05T09:44:26.877+07:00 DEBUG 5232 --- [http-nio-8080-exec-4] o.s.security.web.FilterChainProxy        : Securing GET /favicon.ico
2025-10-05T09:44:26.878+07:00 DEBUG 5232 --- [http-nio-8080-exec-4] o.s.s.w.a.AnonymousAuthenticationFilter  : Set SecurityContextHolder to anonymous SecurityContext
2025-10-05T09:44:26.880+07:00 DEBUG 5232 --- [http-nio-8080-exec-4] o.s.s.web.DefaultRedirectStrategy        : Redirecting to http://localhost:8080/login
2025-10-05T09:44:26.885+07:00 DEBUG 5232 --- [http-nio-8080-exec-1] o.s.security.web.FilterChainProxy        : Securing GET /login
2025-10-05T09:44:26.886+07:00 DEBUG 5232 --- [http-nio-8080-exec-1] o.s.security.web.FilterChainProxy        : Secured GET /login
2025-10-05T09:44:26.893+07:00 DEBUG 5232 --- [http-nio-8080-exec-1] o.s.s.w.a.AnonymousAuthenticationFilter  : Set SecurityContextHolder to anonymous SecurityContext
2025-10-05T09:44:51.156+07:00 DEBUG 5232 --- [http-nio-8080-exec-5] o.s.security.web.FilterChainProxy        : Securing POST /login
2025-10-05T09:44:51.382+07:00  WARN 5232 --- [http-nio-8080-exec-5] o.s.s.c.bcrypt.BCryptPasswordEncoder     : Encoded password does not look like BCrypt
2025-10-05T09:44:51.382+07:00 DEBUG 5232 --- [http-nio-8080-exec-5] o.s.s.a.dao.DaoAuthenticationProvider    : Failed to authenticate since password does not match stored value
2025-10-05T09:44:51.388+07:00 DEBUG 5232 --- [http-nio-8080-exec-5] o.s.s.web.DefaultRedirectStrategy        : Redirecting to /login?error=true
2025-10-05T09:44:51.393+07:00 DEBUG 5232 --- [http-nio-8080-exec-6] o.s.security.web.FilterChainProxy        : Securing GET /login?error=true
2025-10-05T09:44:51.399+07:00 DEBUG 5232 --- [http-nio-8080-exec-6] o.s.security.web.FilterChainProxy        : Secured GET /login?error=true
2025-10-05T09:44:51.405+07:00 DEBUG 5232 --- [http-nio-8080-exec-6] o.s.s.w.a.AnonymousAuthenticationFilter  : Set SecurityContextHolder to anonymous SecurityContext
2025-10-05T09:44:51.426+07:00 DEBUG 5232 --- [http-nio-8080-exec-7] o.s.security.web.FilterChainProxy        : Securing GET /css/style.css
2025-10-05T09:44:51.426+07:00 DEBUG 5232 --- [http-nio-8080-exec-7] o.s.security.web.FilterChainProxy        : Secured GET /css/style.css
2025-10-05T09:44:51.430+07:00 DEBUG 5232 --- [http-nio-8080-exec-7] o.s.s.w.a.AnonymousAuthenticationFilter  : Set SecurityContextHolder to anonymous SecurityContext
2025-10-05T09:44:51.474+07:00 DEBUG 5232 --- [http-nio-8080-exec-8] o.s.security.web.FilterChainProxy        : Securing GET /favicon.ico
2025-10-05T09:44:51.474+07:00 DEBUG 5232 --- [http-nio-8080-exec-8] o.s.s.w.a.AnonymousAuthenticationFilter  : Set SecurityContextHolder to anonymous SecurityContext
2025-10-05T09:44:51.475+07:00 DEBUG 5232 --- [http-nio-8080-exec-8] o.s.s.web.DefaultRedirectStrategy        : Redirecting to http://localhost:8080/login
2025-10-05T09:44:51.479+07:00 DEBUG 5232 --- [http-nio-8080-exec-9] o.s.security.web.FilterChainProxy        : Securing GET /login
2025-10-05T09:44:51.479+07:00 DEBUG 5232 --- [http-nio-8080-exec-9] o.s.security.web.FilterChainProxy        : Secured GET /login
2025-10-05T09:44:51.484+07:00 DEBUG 5232 --- [http-nio-8080-exec-9] o.s.s.w.a.AnonymousAuthenticationFilter  : Set SecurityContextHolder to anonymous SecurityContext
2025-10-05T09:45:11.549+07:00 DEBUG 5232 --- [http-nio-8080-exec-10] o.s.security.web.FilterChainProxy        : Securing POST /login
2025-10-05T09:45:11.554+07:00  WARN 5232 --- [http-nio-8080-exec-10] o.s.s.c.bcrypt.BCryptPasswordEncoder     : Encoded password does not look like BCrypt
2025-10-05T09:45:11.554+07:00 DEBUG 5232 --- [http-nio-8080-exec-10] o.s.s.a.dao.DaoAuthenticationProvider    : Failed to authenticate since password does not match stored value
2025-10-05T09:45:11.554+07:00 DEBUG 5232 --- [http-nio-8080-exec-10] o.s.s.web.DefaultRedirectStrategy        : Redirecting to /login?error=true
2025-10-05T09:45:11.558+07:00 DEBUG 5232 --- [http-nio-8080-exec-2] o.s.security.web.FilterChainProxy        : Securing GET /login?error=true
2025-10-05T09:45:11.558+07:00 DEBUG 5232 --- [http-nio-8080-exec-2] o.s.security.web.FilterChainProxy        : Secured GET /login?error=true
2025-10-05T09:45:11.569+07:00 DEBUG 5232 --- [http-nio-8080-exec-2] o.s.s.w.a.AnonymousAuthenticationFilter  : Set SecurityContextHolder to anonymous SecurityContext
2025-10-05T09:45:11.590+07:00 DEBUG 5232 --- [http-nio-8080-exec-3] o.s.security.web.FilterChainProxy        : Securing GET /css/style.css
2025-10-05T09:45:11.591+07:00 DEBUG 5232 --- [http-nio-8080-exec-3] o.s.security.web.FilterChainProxy        : Secured GET /css/style.css
2025-10-05T09:45:11.594+07:00 DEBUG 5232 --- [http-nio-8080-exec-3] o.s.s.w.a.AnonymousAuthenticationFilter  : Set SecurityContextHolder to anonymous SecurityContext
2025-10-05T09:45:11.622+07:00 DEBUG 5232 --- [http-nio-8080-exec-4] o.s.security.web.FilterChainProxy        : Securing GET /favicon.ico
2025-10-05T09:45:11.622+07:00 DEBUG 5232 --- [http-nio-8080-exec-4] o.s.s.w.a.AnonymousAuthenticationFilter  : Set SecurityContextHolder to anonymous SecurityContext
2025-10-05T09:45:11.623+07:00 DEBUG 5232 --- [http-nio-8080-exec-4] o.s.s.web.DefaultRedirectStrategy        : Redirecting to http://localhost:8080/login
2025-10-05T09:45:11.626+07:00 DEBUG 5232 --- [http-nio-8080-exec-1] o.s.security.web.FilterChainProxy        : Securing GET /login
2025-10-05T09:45:11.627+07:00 DEBUG 5232 --- [http-nio-8080-exec-1] o.s.security.web.FilterChainProxy        : Secured GET /login
2025-10-05T09:45:11.631+07:00 DEBUG 5232 --- [http-nio-8080-exec-1] o.s.s.w.a.AnonymousAuthenticationFilter  : Set SecurityContextHolder to anonymous SecurityContext
2025-10-05T09:45:15.155+07:00 DEBUG 5232 --- [http-nio-8080-exec-5] o.s.security.web.FilterChainProxy        : Securing GET /css/style.css
2025-10-05T09:45:15.155+07:00 DEBUG 5232 --- [http-nio-8080-exec-5] o.s.security.web.FilterChainProxy        : Secured GET /css/style.css
2025-10-05T09:45:15.158+07:00 DEBUG 5232 --- [http-nio-8080-exec-5] o.s.s.w.a.AnonymousAuthenticationFilter  : Set SecurityContextHolder to anonymous SecurityContext
2025-10-05T09:45:15.167+07:00 DEBUG 5232 --- [http-nio-8080-exec-6] o.s.security.web.FilterChainProxy        : Securing GET /.well-known/appspecific/com.chrome.devtools.json
2025-10-05T09:45:15.167+07:00 DEBUG 5232 --- [http-nio-8080-exec-6] o.s.s.w.a.AnonymousAuthenticationFilter  : Set SecurityContextHolder to anonymous SecurityContext
2025-10-05T09:45:15.170+07:00 DEBUG 5232 --- [http-nio-8080-exec-6] o.s.s.w.s.HttpSessionRequestCache        : Saved request http://localhost:8080/.well-known/appspecific/com.chrome.devtools.json?continue to session
2025-10-05T09:45:15.171+07:00 DEBUG 5232 --- [http-nio-8080-exec-6] o.s.s.web.DefaultRedirectStrategy        : Redirecting to http://localhost:8080/login
2025-10-05T09:45:15.173+07:00 DEBUG 5232 --- [http-nio-8080-exec-7] o.s.security.web.FilterChainProxy        : Securing GET /login
2025-10-05T09:45:15.173+07:00 DEBUG 5232 --- [http-nio-8080-exec-7] o.s.security.web.FilterChainProxy        : Secured GET /login
2025-10-05T09:45:15.177+07:00 DEBUG 5232 --- [http-nio-8080-exec-7] o.s.s.w.a.AnonymousAuthenticationFilter  : Set SecurityContextHolder to anonymous SecurityContext
2025-10-05T09:45:18.516+07:00 DEBUG 5232 --- [http-nio-8080-exec-8] o.s.security.web.FilterChainProxy        : Securing GET /login?error=true
2025-10-05T09:45:18.517+07:00 DEBUG 5232 --- [http-nio-8080-exec-8] o.s.security.web.FilterChainProxy        : Secured GET /login?error=true
2025-10-05T09:45:18.522+07:00 DEBUG 5232 --- [http-nio-8080-exec-8] o.s.s.w.a.AnonymousAuthenticationFilter  : Set SecurityContextHolder to anonymous SecurityContext
2025-10-05T09:45:18.544+07:00 DEBUG 5232 --- [http-nio-8080-exec-9] o.s.security.web.FilterChainProxy        : Securing GET /css/style.css
2025-10-05T09:45:18.545+07:00 DEBUG 5232 --- [http-nio-8080-exec-9] o.s.security.web.FilterChainProxy        : Secured GET /css/style.css
2025-10-05T09:45:18.549+07:00 DEBUG 5232 --- [http-nio-8080-exec-9] o.s.s.w.a.AnonymousAuthenticationFilter  : Set SecurityContextHolder to anonymous SecurityContext
2025-10-05T09:45:18.549+07:00 DEBUG 5232 --- [http-nio-8080-exec-10] o.s.security.web.FilterChainProxy        : Securing GET /.well-known/appspecific/com.chrome.devtools.json
2025-10-05T09:45:18.550+07:00 DEBUG 5232 --- [http-nio-8080-exec-10] o.s.s.w.a.AnonymousAuthenticationFilter  : Set SecurityContextHolder to anonymous SecurityContext
2025-10-05T09:45:18.551+07:00 DEBUG 5232 --- [http-nio-8080-exec-10] o.s.s.w.s.HttpSessionRequestCache        : Saved request http://localhost:8080/.well-known/appspecific/com.chrome.devtools.json?continue to session
2025-10-05T09:45:18.551+07:00 DEBUG 5232 --- [http-nio-8080-exec-10] o.s.s.web.DefaultRedirectStrategy        : Redirecting to http://localhost:8080/login
2025-10-05T09:45:18.553+07:00 DEBUG 5232 --- [http-nio-8080-exec-2] o.s.security.web.FilterChainProxy        : Securing GET /login
2025-10-05T09:45:18.553+07:00 DEBUG 5232 --- [http-nio-8080-exec-2] o.s.security.web.FilterChainProxy        : Secured GET /login
2025-10-05T09:45:18.557+07:00 DEBUG 5232 --- [http-nio-8080-exec-2] o.s.s.w.a.AnonymousAuthenticationFilter  : Set SecurityContextHolder to anonymous SecurityContext
2025-10-05T09:45:18.653+07:00 DEBUG 5232 --- [http-nio-8080-exec-3] o.s.security.web.FilterChainProxy        : Securing GET /favicon.ico
2025-10-05T09:45:18.654+07:00 DEBUG 5232 --- [http-nio-8080-exec-3] o.s.s.w.a.AnonymousAuthenticationFilter  : Set SecurityContextHolder to anonymous SecurityContext
2025-10-05T09:45:18.655+07:00 DEBUG 5232 --- [http-nio-8080-exec-3] o.s.s.web.DefaultRedirectStrategy        : Redirecting to http://localhost:8080/login
2025-10-05T09:45:18.660+07:00 DEBUG 5232 --- [http-nio-8080-exec-4] o.s.security.web.FilterChainProxy        : Securing GET /login
2025-10-05T09:45:18.660+07:00 DEBUG 5232 --- [http-nio-8080-exec-4] o.s.security.web.FilterChainProxy        : Secured GET /login
2025-10-05T09:45:18.665+07:00 DEBUG 5232 --- [http-nio-8080-exec-4] o.s.s.w.a.AnonymousAuthenticationFilter  : Set SecurityContextHolder to anonymous SecurityContext
2025-10-05T09:46:35.103+07:00 DEBUG 5232 --- [http-nio-8080-exec-6] o.s.security.web.FilterChainProxy        : Securing POST /login
2025-10-05T09:46:35.109+07:00  WARN 5232 --- [http-nio-8080-exec-6] o.s.s.c.bcrypt.BCryptPasswordEncoder     : Encoded password does not look like BCrypt
2025-10-05T09:46:35.109+07:00 DEBUG 5232 --- [http-nio-8080-exec-6] o.s.s.a.dao.DaoAuthenticationProvider    : Failed to authenticate since password does not match stored value
2025-10-05T09:46:35.109+07:00 DEBUG 5232 --- [http-nio-8080-exec-6] o.s.s.web.DefaultRedirectStrategy        : Redirecting to /login?error=true
2025-10-05T09:46:35.114+07:00 DEBUG 5232 --- [http-nio-8080-exec-7] o.s.security.web.FilterChainProxy        : Securing GET /login?error=true
2025-10-05T09:46:35.114+07:00 DEBUG 5232 --- [http-nio-8080-exec-7] o.s.security.web.FilterChainProxy        : Secured GET /login?error=true
2025-10-05T09:46:35.119+07:00 DEBUG 5232 --- [http-nio-8080-exec-7] o.s.s.w.a.AnonymousAuthenticationFilter  : Set SecurityContextHolder to anonymous SecurityContext
2025-10-05T09:46:35.140+07:00 DEBUG 5232 --- [http-nio-8080-exec-8] o.s.security.web.FilterChainProxy        : Securing GET /.well-known/appspecific/com.chrome.devtools.json
2025-10-05T09:46:35.140+07:00 DEBUG 5232 --- [http-nio-8080-exec-8] o.s.s.w.a.AnonymousAuthenticationFilter  : Set SecurityContextHolder to anonymous SecurityContext
2025-10-05T09:46:35.141+07:00 DEBUG 5232 --- [http-nio-8080-exec-9] o.s.security.web.FilterChainProxy        : Securing GET /css/style.css
2025-10-05T09:46:35.141+07:00 DEBUG 5232 --- [http-nio-8080-exec-9] o.s.security.web.FilterChainProxy        : Secured GET /css/style.css
2025-10-05T09:46:35.141+07:00 DEBUG 5232 --- [http-nio-8080-exec-8] o.s.s.w.s.HttpSessionRequestCache        : Saved request http://localhost:8080/.well-known/appspecific/com.chrome.devtools.json?continue to session
2025-10-05T09:46:35.141+07:00 DEBUG 5232 --- [http-nio-8080-exec-8] o.s.s.web.DefaultRedirectStrategy        : Redirecting to http://localhost:8080/login
2025-10-05T09:46:35.144+07:00 DEBUG 5232 --- [http-nio-8080-exec-10] o.s.security.web.FilterChainProxy        : Securing GET /login
2025-10-05T09:46:35.144+07:00 DEBUG 5232 --- [http-nio-8080-exec-9] o.s.s.w.a.AnonymousAuthenticationFilter  : Set SecurityContextHolder to anonymous SecurityContext
2025-10-05T09:46:35.144+07:00 DEBUG 5232 --- [http-nio-8080-exec-10] o.s.security.web.FilterChainProxy        : Secured GET /login
2025-10-05T09:46:35.149+07:00 DEBUG 5232 --- [http-nio-8080-exec-10] o.s.s.w.a.AnonymousAuthenticationFilter  : Set SecurityContextHolder to anonymous SecurityContext
2025-10-05T09:46:35.257+07:00 DEBUG 5232 --- [http-nio-8080-exec-2] o.s.security.web.FilterChainProxy        : Securing GET /favicon.ico
2025-10-05T09:46:35.258+07:00 DEBUG 5232 --- [http-nio-8080-exec-2] o.s.s.w.a.AnonymousAuthenticationFilter  : Set SecurityContextHolder to anonymous SecurityContext
2025-10-05T09:46:35.258+07:00 DEBUG 5232 --- [http-nio-8080-exec-2] o.s.s.web.DefaultRedirectStrategy        : Redirecting to http://localhost:8080/login
2025-10-05T09:46:35.265+07:00 DEBUG 5232 --- [http-nio-8080-exec-3] o.s.security.web.FilterChainProxy        : Securing GET /login
2025-10-05T09:46:35.265+07:00 DEBUG 5232 --- [http-nio-8080-exec-3] o.s.security.web.FilterChainProxy        : Secured GET /login
2025-10-05T09:46:35.273+07:00 DEBUG 5232 --- [http-nio-8080-exec-3] o.s.s.w.a.AnonymousAuthenticationFilter  : Set SecurityContextHolder to anonymous SecurityContext
